#
# A fatal error has been detected by the Java Runtime Environment:
#
#  SIGSEGV (0xb) at pc=0x00007f8f26d19aac, pid=4807, tid=140252675376896
#
# JRE version: Java(TM) SE Runtime Environment (7.0_40-b43) (build 1.7.0_40-b43)
# Java VM: Java HotSpot(TM) 64-Bit Server VM (24.0-b56 mixed mode linux-amd64 compressed oops)
# Problematic frame:
# C  [libbidmatcuda-linux-x86_64.so+0x3baac]  void thrust::reverse<long long*>(long long*, long long*)+0x2c
#
# Failed to write core dump. Core dumps have been disabled. To enable core dumping, try "ulimit -c unlimited" before starting Java again
#
# If you would like to submit a bug report, please visit:
#   http://bugreport.sun.com/bugreport/crash.jsp
# The crash happened outside the Java Virtual Machine in native code.
# See problematic frame for where to report the bug.
#

---------------  T H R E A D  ---------------

Current thread (0x00007f8f180c1000):  JavaThread "ForkJoinPool-2-worker-0" daemon [_thread_in_native, id=4868, stack(0x00007f8f1ed50000,0x00007f8f1ee51000)]

siginfo:si_signo=SIGSEGV: si_errno=0, si_code=2 (SEGV_ACCERR), si_addr=0x00000002027d0000

Registers:
RAX=0x0000000000001388, RBX=0x0000000000000000, RCX=0x00000002027d9c40, RDX=0x0000000000000000
RSP=0x00007f8f1ee4f0d8, RBP=0x00000002027d0000, RSI=0x00000002027e3878, RDI=0x00000002027d0000
R8 =0x00000002029a0000, R9 =0x00000002025a0600, R10=0x00007f8f1ee4ee70, R11=0x00007f8f26d19a80
R12=0x0000000000002710, R13=0x0000000000002710, R14=0x00000002027e3a00, R15=0x00000002028b3c00
RIP=0x00007f8f26d19aac, EFLAGS=0x0000000000010216, CSGSFS=0x0000000000000033, ERR=0x0000000000000004
  TRAPNO=0x000000000000000e

Top of Stack: (sp=0x00007f8f1ee4f0d8)
0x00007f8f1ee4f0d8:   00007f8f26d15fc5 00007f8f94df3cd6
0x00007f8f1ee4f0e8:   00000002025a0600 00000002029a0000
0x00007f8f1ee4f0f8:   00007f8f1ee4f100 00007f8f27398e50
0x00007f8f1ee4f108:   000027101ee4f200 0000020000000200
0x00007f8f1ee4f118:   0000000000000013 0000020000000400
0x00007f8f1ee4f128:   0000271000000110 0000000100000010
0x00007f8f1ee4f138:   206563726f466547 0000303436205447
0x00007f8f1ee4f148:   0000000000000000 0000000000000000
0x00007f8f1ee4f158:   0000000000000000 0000000000000000
0x00007f8f1ee4f168:   0000000000000000 0000000000000000
0x00007f8f1ee4f178:   0000000000000000 0000000000000000
0x00007f8f1ee4f188:   0000000000000000 0000000000000000
0x00007f8f1ee4f198:   0000000000000000 0000000000000000
0x00007f8f1ee4f1a8:   0000000000000000 0000000000000000
0x00007f8f1ee4f1b8:   0000000000000000 0000000000000000
0x00007f8f1ee4f1c8:   0000000000000000 0000000000000000
0x00007f8f1ee4f1d8:   0000000000000000 0000000000000000
0x00007f8f1ee4f1e8:   0000000000000000 0000000000000000
0x00007f8f1ee4f1f8:   0000000000000000 0000000000000000
0x00007f8f1ee4f208:   0000000000000000 0000000000000000
0x00007f8f1ee4f218:   0000000000000000 0000000000000000
0x00007f8f1ee4f228:   0000000000000000 0000000000000000
0x00007f8f1ee4f238:   000000003ff50000 000000000000c000
0x00007f8f1ee4f248:   0000002000010000 000000007fffffff
0x00007f8f1ee4f258:   0000040000000400 0000004000000400
0x00007f8f1ee4f268:   0000ffff7fffffff 000e8e900000ffff
0x00007f8f1ee4f278:   0000000000010000 0000000000000003
0x00007f8f1ee4f288:   0000000000000200 0000000000000020
0x00007f8f1ee4f298:   0000000200000001 0000000000000001
0x00007f8f1ee4f2a8:   0000000000000001 0000400000010000
0x00007f8f1ee4f2b8:   0001000008000000 0000400000010000
0x00007f8f1ee4f2c8:   0000fde800004000 000fffe00000fde8 

Instructions: (pc=0x00007f8f26d19aac)
0x00007f8f26d19a8c:   c2 48 c1 ea 3f 48 8d 04 02 48 d1 f8 48 8d 0c c7
0x00007f8f26d19a9c:   48 39 cf 74 20 0f 1f 80 00 00 00 00 48 83 ee 08
0x00007f8f26d19aac:   48 8b 07 48 8b 16 48 89 17 48 83 c7 08 48 89 06
0x00007f8f26d19abc:   48 39 f9 75 e7 f3 c3 90 90 90 90 90 90 90 90 90 

Register to memory mapping:

RAX=0x0000000000001388 is an unknown value
RBX=0x0000000000000000 is an unknown value
RCX=0x00000002027d9c40 is an unknown value
RDX=0x0000000000000000 is an unknown value
RSP=0x00007f8f1ee4f0d8 is pointing into the stack for thread: 0x00007f8f180c1000
RBP=0x00000002027d0000 is an unknown value
RSI=0x00000002027e3878 is an unknown value
RDI=0x00000002027d0000 is an unknown value
R8 =0x00000002029a0000 is an unknown value
R9 =0x00000002025a0600 is an unknown value
R10=0x00007f8f1ee4ee70 is pointing into the stack for thread: 0x00007f8f180c1000
R11=0x00007f8f26d19a80: _ZN6thrust7reverseIPxEEvT_S2_+0 in /home/shuo/Desktop/BIDMat/lib/libbidmatcuda-linux-x86_64.so at 0x00007f8f26cde000
R12=0x0000000000002710 is an unknown value
R13=0x0000000000002710 is an unknown value
R14=0x00000002027e3a00 is an unknown value
R15=0x00000002028b3c00 is an unknown value


Stack: [0x00007f8f1ed50000,0x00007f8f1ee51000],  sp=0x00007f8f1ee4f0d8,  free space=1020k
Native frames: (J=compiled Java code, j=interpreted, Vv=VM code, C=native code)
C  [libbidmatcuda-linux-x86_64.so+0x3baac]  void thrust::reverse<long long*>(long long*, long long*)+0x2c

[error occurred during error reporting (printing native stack), id 0xb]

Java frames: (J=compiled Java code, j=interpreted, Vv=VM code)
j  edu.berkeley.bid.CUMAT.lsortx(Ljcuda/Pointer;Ljcuda/Pointer;Ljcuda/Pointer;Ljcuda/Pointer;Ljcuda/Pointer;Ljcuda/Pointer;II)I+0
j  BIDMat.GMat$$anonfun$_sortGPU$1$$anonfun$apply$3.apply$mcV$sp()V+719
j  scala.actors.Actor$$anon$1.act()V+4
j  scala.actors.Reactor$$anonfun$dostart$1.apply()V+4
j  scala.actors.Reactor$$anonfun$dostart$1.apply()Ljava/lang/Object;+1
j  scala.actors.ReactorTask.run()V+32
j  scala.concurrent.forkjoin.ForkJoinPool$AdaptedRunnable.exec()Z+4
j  scala.concurrent.forkjoin.ForkJoinTask.quietlyExec()V+8
j  scala.concurrent.forkjoin.ForkJoinWorkerThread.mainLoop()V+26
j  scala.concurrent.forkjoin.ForkJoinWorkerThread.run()V+15
v  ~StubRoutines::call_stub

---------------  P R O C E S S  ---------------

Java Threads: ( => current thread )
  0x00007f8f180c5000 JavaThread "ForkJoinScheduler" [_thread_blocked, id=4884, stack(0x00007f8f1f154000,0x00007f8f1f255000)]
  0x00007f8f180c9000 JavaThread "ForkJoinPool-2-worker-15" daemon [_thread_blocked, id=4883, stack(0x00007f8f1f85b000,0x00007f8f1f95c000)]
  0x00007f8f180c7800 JavaThread "ForkJoinPool-2-worker-14" daemon [_thread_blocked, id=4882, stack(0x00007f8f1ef52000,0x00007f8f1f053000)]
  0x00007f8f180b0800 JavaThread "ForkJoinPool-2-worker-13" daemon [_thread_blocked, id=4881, stack(0x00007f8f1ec4f000,0x00007f8f1ed50000)]
  0x00007f8f180b5000 JavaThread "ForkJoinPool-2-worker-12" daemon [_thread_blocked, id=4880, stack(0x00007f8f1ee51000,0x00007f8f1ef52000)]
  0x00007f8f180b7000 JavaThread "ForkJoinPool-2-worker-11" daemon [_thread_blocked, id=4879, stack(0x00007f8f1f255000,0x00007f8f1f356000)]
  0x00007f8f180ae800 JavaThread "ForkJoinPool-2-worker-10" daemon [_thread_blocked, id=4878, stack(0x00007f8f1f558000,0x00007f8f1f659000)]
  0x00007f8f180b2800 JavaThread "ForkJoinPool-2-worker-9" daemon [_thread_blocked, id=4877, stack(0x00007f8f1f95c000,0x00007f8f1fa5d000)]
  0x00007f8f180ac800 JavaThread "ForkJoinPool-2-worker-8" daemon [_thread_blocked, id=4876, stack(0x00007f8f1f75a000,0x00007f8f1f85b000)]
  0x00007f8f180a8800 JavaThread "ForkJoinPool-2-worker-7" daemon [_thread_blocked, id=4875, stack(0x00007f8f1f457000,0x00007f8f1f558000)]
  0x00007f8f180b9000 JavaThread "ForkJoinPool-2-worker-6" daemon [_thread_blocked, id=4874, stack(0x00007f8f1f659000,0x00007f8f1f75a000)]
  0x00007f8f180aa800 JavaThread "ForkJoinPool-2-worker-5" daemon [_thread_blocked, id=4873, stack(0x00007f8f1ea4d000,0x00007f8f1eb4e000)]
  0x00007f8f180a6800 JavaThread "ForkJoinPool-2-worker-4" daemon [_thread_blocked, id=4872, stack(0x00007f8f1f356000,0x00007f8f1f457000)]
  0x00007f8f180a2800 JavaThread "ForkJoinPool-2-worker-3" daemon [_thread_blocked, id=4871, stack(0x00007f8f1eb4e000,0x00007f8f1ec4f000)]
  0x00007f8f180a0000 JavaThread "ForkJoinPool-2-worker-2" daemon [_thread_blocked, id=4870, stack(0x00007f8f1f053000,0x00007f8f1f154000)]
  0x00007f8f180a4800 JavaThread "ForkJoinPool-2-worker-1" daemon [_thread_blocked, id=4869, stack(0x00007f8f1e94c000,0x00007f8f1ea4d000)]
=>0x00007f8f180c1000 JavaThread "ForkJoinPool-2-worker-0" daemon [_thread_in_native, id=4868, stack(0x00007f8f1ed50000,0x00007f8f1ee51000)]
  0x00007f8f18099800 JavaThread "Timer-0" daemon [_thread_blocked, id=4850, stack(0x00007f8f79331000,0x00007f8f79432000)]
  0x00007f8f984a1800 JavaThread "process reaper" daemon [_thread_blocked, id=4827, stack(0x00007f8f79432000,0x00007f8f7946b000)]
  0x00007f8f9809f000 JavaThread "Service Thread" daemon [_thread_blocked, id=4823, stack(0x00007f8f796f6000,0x00007f8f797f7000)]
  0x00007f8f9809d000 JavaThread "C2 CompilerThread1" daemon [_thread_blocked, id=4822, stack(0x00007f8f797f7000,0x00007f8f798f8000)]
  0x00007f8f9809a000 JavaThread "C2 CompilerThread0" daemon [_thread_blocked, id=4821, stack(0x00007f8f798f8000,0x00007f8f799f9000)]
  0x00007f8f9808f800 JavaThread "Signal Dispatcher" daemon [_thread_blocked, id=4820, stack(0x00007f8f799f9000,0x00007f8f79afa000)]
  0x00007f8f98079000 JavaThread "Finalizer" daemon [_thread_blocked, id=4819, stack(0x00007f8f7a1db000,0x00007f8f7a2dc000)]
  0x00007f8f98075000 JavaThread "Reference Handler" daemon [_thread_blocked, id=4818, stack(0x00007f8f7a2dc000,0x00007f8f7a3dd000)]
  0x00007f8f9800a800 JavaThread "main" [_thread_in_Java, id=4808, stack(0x00007f8f9eb74000,0x00007f8f9ec75000)]

Other Threads:
  0x00007f8f98072800 VMThread [stack: 0x00007f8f7a3dd000,0x00007f8f7a4de000] [id=4817]
  0x00007f8f980aa000 WatcherThread [stack: 0x00007f8f795f5000,0x00007f8f796f6000] [id=4824]

VM state:not at safepoint (normal execution)

VM Mutex/Monitor currently owned by a thread: None

Heap
 PSYoungGen      total 140288K, used 61000K [0x0000000700000000, 0x0000000708e00000, 0x0000000800000000)
  eden space 135168K, 41% used [0x0000000700000000,0x00000007036929a8,0x0000000708400000)
  from space 5120K, 99% used [0x0000000708900000,0x0000000708dff660,0x0000000708e00000)
  to   space 5120K, 0% used [0x0000000708400000,0x0000000708400000,0x0000000708900000)
 ParOldGen       total 87552K, used 49483K [0x0000000500000000, 0x0000000505580000, 0x0000000700000000)
  object space 87552K, 56% used [0x0000000500000000,0x0000000503052ec0,0x0000000505580000)
 PSPermGen       total 35328K, used 34914K [0x00000004fae00000, 0x00000004fd080000, 0x0000000500000000)
  object space 35328K, 98% used [0x00000004fae00000,0x00000004fd0189a8,0x00000004fd080000)

Card table byte_map: [0x00007f8f935bb000,0x00007f8f94de5000] byte_map_base: 0x00007f8f90de4000

Polling page: 0x00007f8f9ec8e000

Code Cache  [0x00007f8f94de5000, 0x00007f8f95165000, 0x00007f8f97de5000)
 total_blobs=1616 nmethods=1161 adapters=407 free_code_cache=45694Kb largest_free_block=46724288

Compilation events (10 events):
Event: 15.977 Thread 0x00007f8f9809a000 nmethod 1219 0x00007f8f94f51950 code [0x00007f8f94f51aa0, 0x00007f8f94f51c58]
Event: 15.977 Thread 0x00007f8f9809a000 1220             scala.MathCommon::max (6 bytes)
Event: 15.978 Thread 0x00007f8f9809a000 nmethod 1220 0x00007f8f94f516d0 code [0x00007f8f94f51840, 0x00007f8f94f518f8]
Event: 15.978 Thread 0x00007f8f9809a000 1221             java.lang.Math::max (46 bytes)
Event: 15.979 Thread 0x00007f8f9809a000 nmethod 1221 0x00007f8f94f5c910 code [0x00007f8f94f5ca60, 0x00007f8f94f5caf8]
Event: 15.979 Thread 0x00007f8f9809d000 nmethod 1162 0x00007f8f95135150 code [0x00007f8f95135ea0, 0x00007f8f9513ba80]
Event: 15.985 Thread 0x00007f8f9809a000 1222             BIDMat.IMat$$anonfun$iMult$1::BIDMat$IMat$$anonfun$$$outer (5 bytes)
Event: 15.985 Thread 0x00007f8f9809a000 nmethod 1222 0x00007f8f94f5c710 code [0x00007f8f94f5c840, 0x00007f8f94f5c8b8]
Event: 15.989 Thread 0x00007f8f9809d000 1223             BIDMat.IMat$$anonfun$iMult$1$$anonfun$apply$mcVI$sp$1::apply$mcVI$sp (126 bytes)
Event: 15.997 Thread 0x00007f8f9809d000 nmethod 1223 0x00007f8f94f52050 code [0x00007f8f94f521a0, 0x00007f8f94f523d8]

GC Heap History (8 events):
Event: 0.557 GC heap before
{Heap before GC invocations=1 (full 0):
 PSYoungGen      total 38912K, used 33792K [0x0000000700000000, 0x0000000702b00000, 0x0000000800000000)
  eden space 33792K, 100% used [0x0000000700000000,0x0000000702100000,0x0000000702100000)
  from space 5120K, 0% used [0x0000000702600000,0x0000000702600000,0x0000000702b00000)
  to   space 5120K, 0% used [0x0000000702100000,0x0000000702100000,0x0000000702600000)
 ParOldGen       total 87552K, used 0K [0x0000000500000000, 0x0000000505580000, 0x0000000700000000)
  object space 87552K, 0% used [0x0000000500000000,0x0000000500000000,0x0000000505580000)
 PSPermGen       total 21504K, used 14853K [0x00000004fae00000, 0x00000004fc300000, 0x0000000500000000)
  object space 21504K, 69% used [0x00000004fae00000,0x00000004fbc81680,0x00000004fc300000)
Event: 0.568 GC heap after
Heap after GC invocations=1 (full 0):
 PSYoungGen      total 38912K, used 5090K [0x0000000700000000, 0x0000000704c00000, 0x0000000800000000)
  eden space 33792K, 0% used [0x0000000700000000,0x0000000700000000,0x0000000702100000)
  from space 5120K, 99% used [0x0000000702100000,0x00000007025f8850,0x0000000702600000)
  to   space 5120K, 0% used [0x0000000704700000,0x0000000704700000,0x0000000704c00000)
 ParOldGen       total 87552K, used 4434K [0x0000000500000000, 0x0000000505580000, 0x0000000700000000)
  object space 87552K, 5% used [0x0000000500000000,0x0000000500454960,0x0000000505580000)
 PSPermGen       total 21504K, used 14853K [0x00000004fae00000, 0x00000004fc300000, 0x0000000500000000)
  object space 21504K, 69% used [0x00000004fae00000,0x00000004fbc81680,0x00000004fc300000)
}
Event: 0.806 GC heap before
{Heap before GC invocations=2 (full 0):
 PSYoungGen      total 38912K, used 38882K [0x0000000700000000, 0x0000000704c00000, 0x0000000800000000)
  eden space 33792K, 100% used [0x0000000700000000,0x0000000702100000,0x0000000702100000)
  from space 5120K, 99% used [0x0000000702100000,0x00000007025f8850,0x0000000702600000)
  to   space 5120K, 0% used [0x0000000704700000,0x0000000704700000,0x0000000704c00000)
 ParOldGen       total 87552K, used 4434K [0x0000000500000000, 0x0000000505580000, 0x0000000700000000)
  object space 87552K, 5% used [0x0000000500000000,0x0000000500454960,0x0000000505580000)
 PSPermGen       total 21504K, used 15434K [0x00000004fae00000, 0x00000004fc300000, 0x0000000500000000)
  object space 21504K, 71% used [0x00000004fae00000,0x00000004fbd129a0,0x00000004fc300000)
Event: 0.814 GC heap after
Heap after GC invocations=2 (full 0):
 PSYoungGen      total 72704K, used 5088K [0x0000000700000000, 0x0000000704c00000, 0x0000000800000000)
  eden space 67584K, 0% used [0x0000000700000000,0x0000000700000000,0x0000000704200000)
  from space 5120K, 99% used [0x0000000704700000,0x0000000704bf8090,0x0000000704c00000)
  to   space 5120K, 0% used [0x0000000704200000,0x0000000704200000,0x0000000704700000)
 ParOldGen       total 87552K, used 18770K [0x0000000500000000, 0x0000000505580000, 0x0000000700000000)
  object space 87552K, 21% used [0x0000000500000000,0x00000005012549a0,0x0000000505580000)
 PSPermGen       total 21504K, used 15434K [0x00000004fae00000, 0x00000004fc300000, 0x0000000500000000)
  object space 21504K, 71% used [0x00000004fae00000,0x00000004fbd129a0,0x00000004fc300000)
}
Event: 2.848 GC heap before
{Heap before GC invocations=3 (full 0):
 PSYoungGen      total 72704K, used 72672K [0x0000000700000000, 0x0000000704c00000, 0x0000000800000000)
  eden space 67584K, 100% used [0x0000000700000000,0x0000000704200000,0x0000000704200000)
  from space 5120K, 99% used [0x0000000704700000,0x0000000704bf8090,0x0000000704c00000)
  to   space 5120K, 0% used [0x0000000704200000,0x0000000704200000,0x0000000704700000)
 ParOldGen       total 87552K, used 18770K [0x0000000500000000, 0x0000000505580000, 0x0000000700000000)
  object space 87552K, 21% used [0x0000000500000000,0x00000005012549a0,0x0000000505580000)
 PSPermGen       total 28160K, used 28069K [0x00000004fae00000, 0x00000004fc980000, 0x0000000500000000)
  object space 28160K, 99% used [0x00000004fae00000,0x00000004fc969480,0x00000004fc980000)
Event: 2.862 GC heap after
Heap after GC invocations=3 (full 0):
 PSYoungGen      total 72704K, used 5101K [0x0000000700000000, 0x0000000708e00000, 0x0000000800000000)
  eden space 67584K, 0% used [0x0000000700000000,0x0000000700000000,0x0000000704200000)
  from space 5120K, 99% used [0x0000000704200000,0x00000007046fb690,0x0000000704700000)
  to   space 5120K, 0% used [0x0000000708900000,0x0000000708900000,0x0000000708e00000)
 ParOldGen       total 87552K, used 34694K [0x0000000500000000, 0x0000000505580000, 0x0000000700000000)
  object space 87552K, 39% used [0x0000000500000000,0x00000005021e1af8,0x0000000505580000)
 PSPermGen       total 28160K, used 28069K [0x00000004fae00000, 0x00000004fc980000, 0x0000000500000000)
  object space 28160K, 99% used [0x00000004fae00000,0x00000004fc969480,0x00000004fc980000)
}
Event: 15.781 GC heap before
{Heap before GC invocations=4 (full 0):
 PSYoungGen      total 72704K, used 72685K [0x0000000700000000, 0x0000000708e00000, 0x0000000800000000)
  eden space 67584K, 100% used [0x0000000700000000,0x0000000704200000,0x0000000704200000)
  from space 5120K, 99% used [0x0000000704200000,0x00000007046fb690,0x0000000704700000)
  to   space 5120K, 0% used [0x0000000708900000,0x0000000708900000,0x0000000708e00000)
 ParOldGen       total 87552K, used 34694K [0x0000000500000000, 0x0000000505580000, 0x0000000700000000)
  object space 87552K, 39% used [0x0000000500000000,0x00000005021e1af8,0x0000000505580000)
 PSPermGen       total 33792K, used 33678K [0x00000004fae00000, 0x00000004fcf00000, 0x0000000500000000)
  object space 33792K, 99% used [0x00000004fae00000,0x00000004fcee3af8,0x00000004fcf00000)
Event: 15.793 GC heap after
Heap after GC invocations=4 (full 0):
 PSYoungGen      total 140288K, used 5117K [0x0000000700000000, 0x0000000708e00000, 0x0000000800000000)
  eden space 135168K, 0% used [0x0000000700000000,0x0000000700000000,0x0000000708400000)
  from space 5120K, 99% used [0x0000000708900000,0x0000000708dff660,0x0000000708e00000)
  to   space 5120K, 0% used [0x0000000708400000,0x0000000708400000,0x0000000708900000)
 ParOldGen       total 87552K, used 49483K [0x0000000500000000, 0x0000000505580000, 0x0000000700000000)
  object space 87552K, 56% used [0x0000000500000000,0x0000000503052ec0,0x0000000505580000)
 PSPermGen       total 33792K, used 33678K [0x00000004fae00000, 0x00000004fcf00000, 0x0000000500000000)
  object space 33792K, 99% used [0x00000004fae00000,0x00000004fcee3af8,0x00000004fcf00000)
}

Deoptimization events (10 events):
Event: 15.928 Thread 0x00007f8f9800a800 Uncommon trap: reason=bimorphic action=maybe_recompile pc=0x00007f8f94f50b10 method=scala.collection.GenSeqLike$class.hashCode(Lscala/collection/GenSeqLike;)I @ 15
Event: 15.928 Thread 0x00007f8f9800a800 Uncommon trap: reason=unreached action=reinterpret pc=0x00007f8f950a08b4 method=scala.util.MurmurHash.apply(Ljava/lang/Object;)V @ 22
Event: 15.928 Thread 0x00007f8f9800a800 Uncommon trap: reason=bimorphic action=maybe_recompile pc=0x00007f8f94f50b10 method=scala.collection.GenSeqLike$class.hashCode(Lscala/collection/GenSeqLike;)I @ 15
Event: 15.928 Thread 0x00007f8f9800a800 Uncommon trap: reason=bimorphic action=maybe_recompile pc=0x00007f8f94f50b10 method=scala.collection.GenSeqLike$class.hashCode(Lscala/collection/GenSeqLike;)I @ 15
Event: 15.929 Thread 0x00007f8f9800a800 Uncommon trap: reason=bimorphic action=maybe_recompile pc=0x00007f8f94f50b10 method=scala.collection.GenSeqLike$class.hashCode(Lscala/collection/GenSeqLike;)I @ 15
Event: 15.938 Thread 0x00007f8f9800a800 Uncommon trap: reason=bimorphic action=maybe_recompile pc=0x00007f8f94ecd428 method=java.lang.ThreadLocal.get()Ljava/lang/Object; @ 6
Event: 15.948 Thread 0x00007f8f9800a800 Uncommon trap: reason=unreached action=reinterpret pc=0x00007f8f94ee05d4 method=scala.collection.mutable.HashTable$class.elemEquals(Lscala/collection/mutable/HashTable;Ljava/lang/Object;Ljava/lang/Object;)Z @ 27
Event: 15.948 Thread 0x00007f8f9800a800 Uncommon trap: reason=unreached action=reinterpret pc=0x00007f8f94e6c828 method=scala.collection.mutable.HashTable$class.elemEquals(Lscala/collection/mutable/HashTable;Ljava/lang/Object;Ljava/lang/Object;)Z @ 27
Event: 15.953 Thread 0x00007f8f9800a800 Uncommon trap: reason=bimorphic action=maybe_recompile pc=0x00007f8f94ecd428 method=java.lang.ThreadLocal.get()Ljava/lang/Object; @ 6
Event: 15.953 Thread 0x00007f8f9800a800 Uncommon trap: reason=unreached action=reinterpret pc=0x00007f8f94ecd474 method=java.lang.ThreadLocal$ThreadLocalMap.getEntry(Ljava/lang/ThreadLocal;)Ljava/lang/ThreadLocal$ThreadLocalMap$Entry; @ 21

Internal exceptions (10 events):
Event: 15.982 Thread 0x00007f8f9800a800 Threw 0x0000000700951830 at /HUDSON/workspace/jdk7u40-2-build-linux-amd64-product/jdk7u40/hotspot/src/share/vm/prims/jvm.cpp:1244
Event: 15.982 Thread 0x00007f8f9800a800 Threw 0x0000000700952ad0 at /HUDSON/workspace/jdk7u40-2-build-linux-amd64-product/jdk7u40/hotspot/src/share/vm/prims/jvm.cpp:1244
Event: 15.990 Thread 0x00007f8f9800a800 Threw 0x0000000700958688 at /HUDSON/workspace/jdk7u40-2-build-linux-amd64-product/jdk7u40/hotspot/src/share/vm/prims/jvm.cpp:1244
Event: 15.990 Thread 0x00007f8f9800a800 Threw 0x00000007009592a8 at /HUDSON/workspace/jdk7u40-2-build-linux-amd64-product/jdk7u40/hotspot/src/share/vm/prims/jvm.cpp:1244
Event: 15.992 Thread 0x00007f8f9800a800 Threw 0x000000070095ffc8 at /HUDSON/workspace/jdk7u40-2-build-linux-amd64-product/jdk7u40/hotspot/src/share/vm/prims/jvm.cpp:1244
Event: 15.992 Thread 0x00007f8f9800a800 Threw 0x0000000700960dd0 at /HUDSON/workspace/jdk7u40-2-build-linux-amd64-product/jdk7u40/hotspot/src/share/vm/prims/jvm.cpp:1244
Event: 15.993 Thread 0x00007f8f9800a800 Threw 0x0000000700964140 at /HUDSON/workspace/jdk7u40-2-build-linux-amd64-product/jdk7u40/hotspot/src/share/vm/prims/jvm.cpp:1244
Event: 15.993 Thread 0x00007f8f9800a800 Threw 0x00000007009652c8 at /HUDSON/workspace/jdk7u40-2-build-linux-amd64-product/jdk7u40/hotspot/src/share/vm/prims/jvm.cpp:1244
Event: 15.998 Thread 0x00007f8f180c1000 Threw 0x00000007020fc288 at /HUDSON/workspace/jdk7u40-2-build-linux-amd64-product/jdk7u40/hotspot/src/share/vm/prims/jvm.cpp:1244
Event: 15.998 Thread 0x00007f8f180c1000 Threw 0x00000007020fcb08 at /HUDSON/workspace/jdk7u40-2-build-linux-amd64-product/jdk7u40/hotspot/src/share/vm/prims/jvm.cpp:1244

Events (10 events):
Event: 15.996 Thread 0x00007f8f180b0800 Thread added: 0x00007f8f180b0800
Event: 15.997 Thread 0x00007f8f180c7800 Thread added: 0x00007f8f180c7800
Event: 15.997 Thread 0x00007f8f180c9000 Thread added: 0x00007f8f180c9000
Event: 15.997 Thread 0x00007f8f180c5000 Thread added: 0x00007f8f180c5000
Event: 15.997 Executing VM operation: RevokeBias
Event: 15.997 Executing VM operation: RevokeBias done
Event: 15.998 loading class 0x00007f8f98ab9020
Event: 15.998 loading class 0x00007f8f98ab9020 done
Event: 16.000 loading class 0x00007f8f3c231390
Event: 16.000 loading class 0x00007f8f3c231390 done


Dynamic libraries:
00400000-00401000 r-xp 00000000 08:01 19400069                           /usr/lib/jvm/jdk1.7.0_40/bin/java
00600000-00601000 rw-p 00000000 08:01 19400069                           /usr/lib/jvm/jdk1.7.0_40/bin/java
0143a000-0145b000 rw-p 00000000 00:00 0                                  [heap]
200000000-400000000 ---p 00000000 00:00 0 
4fae00000-4fd080000 rw-p 00000000 00:00 0 
4fd080000-500000000 rw-p 00000000 00:00 0 
500000000-505580000 rw-p 00000000 00:00 0 
505580000-700000000 rw-p 00000000 00:00 0 
700000000-708e00000 rw-p 00000000 00:00 0 
708e00000-800000000 rw-p 00000000 00:00 0 
800000000-b00000000 ---p 00000000 00:00 0 
7f8ed0000000-7f8ed0021000 rw-p 00000000 00:00 0 
7f8ed0021000-7f8ed4000000 ---p 00000000 00:00 0 
7f8ed8000000-7f8ed8021000 rw-p 00000000 00:00 0 
7f8ed8021000-7f8edc000000 ---p 00000000 00:00 0 
7f8edc000000-7f8edc021000 rw-p 00000000 00:00 0 
7f8edc021000-7f8ee0000000 ---p 00000000 00:00 0 
7f8ee0000000-7f8ee0022000 rw-p 00000000 00:00 0 
7f8ee0022000-7f8ee4000000 ---p 00000000 00:00 0 
7f8ee4000000-7f8ee4021000 rw-p 00000000 00:00 0 
7f8ee4021000-7f8ee8000000 ---p 00000000 00:00 0 
7f8ee8000000-7f8ee8021000 rw-p 00000000 00:00 0 
7f8ee8021000-7f8eec000000 ---p 00000000 00:00 0 
7f8eec000000-7f8eec021000 rw-p 00000000 00:00 0 
7f8eec021000-7f8ef0000000 ---p 00000000 00:00 0 
7f8ef0000000-7f8ef0021000 rw-p 00000000 00:00 0 
7f8ef0021000-7f8ef4000000 ---p 00000000 00:00 0 
7f8ef4000000-7f8ef4021000 rw-p 00000000 00:00 0 
7f8ef4021000-7f8ef8000000 ---p 00000000 00:00 0 
7f8ef8000000-7f8ef8021000 rw-p 00000000 00:00 0 
7f8ef8021000-7f8efc000000 ---p 00000000 00:00 0 
7f8efc000000-7f8efc021000 rw-p 00000000 00:00 0 
7f8efc021000-7f8f00000000 ---p 00000000 00:00 0 
7f8f00000000-7f8f00021000 rw-p 00000000 00:00 0 
7f8f00021000-7f8f04000000 ---p 00000000 00:00 0 
7f8f04000000-7f8f04021000 rw-p 00000000 00:00 0 
7f8f04021000-7f8f08000000 ---p 00000000 00:00 0 
7f8f08000000-7f8f08021000 rw-p 00000000 00:00 0 
7f8f08021000-7f8f0c000000 ---p 00000000 00:00 0 
7f8f0c000000-7f8f0c021000 rw-p 00000000 00:00 0 
7f8f0c021000-7f8f10000000 ---p 00000000 00:00 0 
7f8f10000000-7f8f10021000 rw-p 00000000 00:00 0 
7f8f10021000-7f8f14000000 ---p 00000000 00:00 0 
7f8f14000000-7f8f14021000 rw-p 00000000 00:00 0 
7f8f14021000-7f8f18000000 ---p 00000000 00:00 0 
7f8f18000000-7f8f18115000 rw-p 00000000 00:00 0 
7f8f18115000-7f8f1c000000 ---p 00000000 00:00 0 
7f8f1e74c000-7f8f1e94c000 rw-p 00000000 00:00 0 
7f8f1e94c000-7f8f1e94f000 ---p 00000000 00:00 0 
7f8f1e94f000-7f8f1ea4d000 rwxp 00000000 00:00 0                          [stack:4869]
7f8f1ea4d000-7f8f1ea50000 ---p 00000000 00:00 0 
7f8f1ea50000-7f8f1eb4e000 rwxp 00000000 00:00 0                          [stack:4873]
7f8f1eb4e000-7f8f1eb51000 ---p 00000000 00:00 0 
7f8f1eb51000-7f8f1ec4f000 rwxp 00000000 00:00 0                          [stack:4871]
7f8f1ec4f000-7f8f1ec52000 ---p 00000000 00:00 0 
7f8f1ec52000-7f8f1ed50000 rwxp 00000000 00:00 0                          [stack:4881]
7f8f1ed50000-7f8f1ed53000 ---p 00000000 00:00 0 
7f8f1ed53000-7f8f1ee51000 rwxp 00000000 00:00 0                          [stack:4868]
7f8f1ee51000-7f8f1ee54000 ---p 00000000 00:00 0 
7f8f1ee54000-7f8f1ef52000 rwxp 00000000 00:00 0                          [stack:4880]
7f8f1ef52000-7f8f1ef55000 ---p 00000000 00:00 0 
7f8f1ef55000-7f8f1f053000 rwxp 00000000 00:00 0                          [stack:4882]
7f8f1f053000-7f8f1f056000 ---p 00000000 00:00 0 
7f8f1f056000-7f8f1f154000 rwxp 00000000 00:00 0                          [stack:4870]
7f8f1f154000-7f8f1f157000 ---p 00000000 00:00 0 
7f8f1f157000-7f8f1f255000 rwxp 00000000 00:00 0                          [stack:4884]
7f8f1f255000-7f8f1f258000 ---p 00000000 00:00 0 
7f8f1f258000-7f8f1f356000 rwxp 00000000 00:00 0                          [stack:4879]
7f8f1f356000-7f8f1f359000 ---p 00000000 00:00 0 
7f8f1f359000-7f8f1f457000 rwxp 00000000 00:00 0                          [stack:4872]
7f8f1f457000-7f8f1f45a000 ---p 00000000 00:00 0 
7f8f1f45a000-7f8f1f558000 rwxp 00000000 00:00 0                          [stack:4875]
7f8f1f558000-7f8f1f55b000 ---p 00000000 00:00 0 
7f8f1f55b000-7f8f1f659000 rwxp 00000000 00:00 0                          [stack:4878]
7f8f1f659000-7f8f1f65c000 ---p 00000000 00:00 0 
7f8f1f65c000-7f8f1f75a000 rwxp 00000000 00:00 0                          [stack:4874]
7f8f1f75a000-7f8f1f75d000 ---p 00000000 00:00 0 
7f8f1f75d000-7f8f1f85b000 rwxp 00000000 00:00 0                          [stack:4876]
7f8f1f85b000-7f8f1f85e000 ---p 00000000 00:00 0 
7f8f1f85e000-7f8f1f95c000 rwxp 00000000 00:00 0                          [stack:4883]
7f8f1f95c000-7f8f1f95f000 ---p 00000000 00:00 0 
7f8f1f95f000-7f8f1fa5d000 rwxp 00000000 00:00 0                          [stack:4877]
7f8f1fa5d000-7f8f1fcad000 rw-p 00000000 00:00 0 
7f8f1fcad000-7f8f22f50000 r-xp 00000000 08:01 45223331                   /usr/local/cuda-5.5/targets/x86_64-linux/lib/libcublas.so.5.5.22
7f8f22f50000-7f8f23150000 ---p 032a3000 08:01 45223331                   /usr/local/cuda-5.5/targets/x86_64-linux/lib/libcublas.so.5.5.22
7f8f23150000-7f8f2315a000 rw-p 032a3000 08:01 45223331                   /usr/local/cuda-5.5/targets/x86_64-linux/lib/libcublas.so.5.5.22
7f8f2315a000-7f8f23164000 rw-p 00000000 00:00 0 
7f8f23164000-7f8f2318b000 r-xp 00000000 08:01 22939615                   /home/shuo/Desktop/BIDMat/lib/libJCublas-linux-x86_64.so
7f8f2318b000-7f8f2338b000 ---p 00027000 08:01 22939615                   /home/shuo/Desktop/BIDMat/lib/libJCublas-linux-x86_64.so
7f8f2338b000-7f8f2338c000 rw-p 00027000 08:01 22939615                   /home/shuo/Desktop/BIDMat/lib/libJCublas-linux-x86_64.so
7f8f2338c000-7f8f234f0000 rw-s 1792af000 00:05 12551                     /dev/nvidia0
7f8f234f0000-7f8f235f0000 rw-s 1777a8000 00:05 12551                     /dev/nvidia0
7f8f235f0000-7f8f236f0000 rw-s 1acca3000 00:05 12551                     /dev/nvidia0
7f8f236f0000-7f8f237f0000 rw-s 18a39f000 00:05 12551                     /dev/nvidia0
7f8f237f0000-7f8f238f0000 rw-s 18a182000 00:05 12551                     /dev/nvidia0
7f8f238f0000-7f8f238f1000 rw-s dfd61000 00:05 12551                      /dev/nvidia0
7f8f238f1000-7f8f238f2000 rw-s 18a27d000 00:05 12551                     /dev/nvidia0
7f8f238f2000-7f8f23cf4000 rw-s 177439000 00:05 12551                     /dev/nvidia0
7f8f23cf4000-7f8f240f6000 rw-s 1999aa000 00:05 12551                     /dev/nvidia0
7f8f240f6000-7f8f240f7000 ---p 00000000 00:00 0 
7f8f240f7000-7f8f248f7000 rwxp 00000000 00:00 0                          [stack:4841]
7f8f248f7000-7f8f24ff7000 r-xp 00000000 08:01 45223321                   /usr/local/cuda-5.5/targets/x86_64-linux/lib/libcurand.so.5.5.22
7f8f24ff7000-7f8f251f6000 ---p 00700000 08:01 45223321                   /usr/local/cuda-5.5/targets/x86_64-linux/lib/libcurand.so.5.5.22
7f8f251f6000-7f8f265c7000 rw-p 006ff000 08:01 45223321                   /usr/local/cuda-5.5/targets/x86_64-linux/lib/libcurand.so.5.5.22
7f8f265c7000-7f8f26ad0000 rw-p 00000000 00:00 0 
7f8f26ad0000-7f8f26ade000 r-xp 00000000 08:01 22939619                   /home/shuo/Desktop/BIDMat/lib/libJCurand-linux-x86_64.so
7f8f26ade000-7f8f26cdd000 ---p 0000e000 08:01 22939619                   /home/shuo/Desktop/BIDMat/lib/libJCurand-linux-x86_64.so
7f8f26cdd000-7f8f26cde000 rw-p 0000d000 08:01 22939619                   /home/shuo/Desktop/BIDMat/lib/libJCurand-linux-x86_64.so
7f8f26cde000-7f8f27199000 r-xp 00000000 08:01 22937991                   /home/shuo/Desktop/BIDMat/lib/libbidmatcuda-linux-x86_64.so
7f8f27199000-7f8f27398000 ---p 004bb000 08:01 22937991                   /home/shuo/Desktop/BIDMat/lib/libbidmatcuda-linux-x86_64.so
7f8f27398000-7f8f2739b000 rw-p 004ba000 08:01 22937991                   /home/shuo/Desktop/BIDMat/lib/libbidmatcuda-linux-x86_64.so
7f8f2739b000-7f8f2739c000 rw-p 00000000 00:00 0 
7f8f2739c000-7f8f27cb7000 r-xp 00000000 08:01 41949189                   /usr/lib/nvidia-current/libcuda.so.319.37
7f8f27cb7000-7f8f27eb7000 ---p 0091b000 08:01 41949189                   /usr/lib/nvidia-current/libcuda.so.319.37
7f8f27eb7000-7f8f27fd8000 rw-p 0091b000 08:01 41949189                   /usr/lib/nvidia-current/libcuda.so.319.37
7f8f27fd8000-7f8f28000000 rw-p 00000000 00:00 0 
7f8f28000000-7f8f28021000 rw-p 00000000 00:00 0 
7f8f28021000-7f8f2c000000 ---p 00000000 00:00 0 
7f8f2c000000-7f8f2c447000 rw-p 00000000 00:00 0 
7f8f2c447000-7f8f30000000 ---p 00000000 00:00 0 
7f8f30000000-7f8f30021000 rw-p 00000000 00:00 0 
7f8f30021000-7f8f34000000 ---p 00000000 00:00 0 
7f8f34000000-7f8f34021000 rw-p 00000000 00:00 0 
7f8f34021000-7f8f38000000 ---p 00000000 00:00 0 
7f8f38000000-7f8f3908a000 rw-p 00000000 00:00 0 
7f8f3908a000-7f8f3c000000 ---p 00000000 00:00 0 
7f8f3c000000-7f8f3d21c000 rw-p 00000000 00:00 0 
7f8f3d21c000-7f8f40000000 ---p 00000000 00:00 0 
7f8f40000000-7f8f40021000 rw-p 00000000 00:00 0 
7f8f40021000-7f8f44000000 ---p 00000000 00:00 0 
7f8f44000000-7f8f44021000 rw-p 00000000 00:00 0 
7f8f44021000-7f8f48000000 ---p 00000000 00:00 0 
7f8f48000000-7f8f48021000 rw-p 00000000 00:00 0 
7f8f48021000-7f8f4c000000 ---p 00000000 00:00 0 
7f8f4c0d4000-7f8f4c1d4000 rw-s 17939b000 00:05 12551                     /dev/nvidia0
7f8f4c1d4000-7f8f4c1ea000 r-xp 00000000 08:01 47713848                   /lib/x86_64-linux-gnu/libz.so.1.2.7
7f8f4c1ea000-7f8f4c3e9000 ---p 00016000 08:01 47713848                   /lib/x86_64-linux-gnu/libz.so.1.2.7
7f8f4c3e9000-7f8f4c3ea000 r--p 00015000 08:01 47713848                   /lib/x86_64-linux-gnu/libz.so.1.2.7
7f8f4c3ea000-7f8f4c3eb000 rw-p 00016000 08:01 47713848                   /lib/x86_64-linux-gnu/libz.so.1.2.7
7f8f4c3eb000-7f8f4f9f2000 r-xp 00000000 08:01 22937994                   /home/shuo/Desktop/BIDMat/lib/libbidmatmkl-linux-x86_64.so
7f8f4f9f2000-7f8f4fbf1000 ---p 03607000 08:01 22937994                   /home/shuo/Desktop/BIDMat/lib/libbidmatmkl-linux-x86_64.so
7f8f4fbf1000-7f8f4fd57000 rw-p 03606000 08:01 22937994                   /home/shuo/Desktop/BIDMat/lib/libbidmatmkl-linux-x86_64.so
7f8f4fd57000-7f8f68000000 rw-p 00000000 00:00 0 
7f8f68000000-7f8f68021000 rw-p 00000000 00:00 0 
7f8f68021000-7f8f6c000000 ---p 00000000 00:00 0 
7f8f6c000000-7f8f6c021000 rw-p 00000000 00:00 0 
7f8f6c021000-7f8f70000000 ---p 00000000 00:00 0 
7f8f70000000-7f8f70021000 rw-p 00000000 00:00 0 
7f8f70021000-7f8f74000000 ---p 00000000 00:00 0 
7f8f74000000-7f8f74040000 rw-p 00000000 00:00 0 
7f8f74040000-7f8f78000000 ---p 00000000 00:00 0 
7f8f78073000-7f8f78093000 rw-p 00000000 00:00 0 
7f8f78093000-7f8f78193000 rw-s 1d5cb8000 00:05 12551                     /dev/nvidia0
7f8f78193000-7f8f781ba000 r-xp 00000000 08:01 22939617                   /home/shuo/Desktop/BIDMat/lib/libJCudaRuntime-linux-x86_64.so
7f8f781ba000-7f8f783ba000 ---p 00027000 08:01 22939617                   /home/shuo/Desktop/BIDMat/lib/libJCudaRuntime-linux-x86_64.so
7f8f783ba000-7f8f783bc000 rw-p 00027000 08:01 22939617                   /home/shuo/Desktop/BIDMat/lib/libJCudaRuntime-linux-x86_64.so
7f8f783bc000-7f8f784a1000 r-xp 00000000 08:01 41950552                   /usr/lib/x86_64-linux-gnu/libstdc++.so.6.0.17
7f8f784a1000-7f8f786a0000 ---p 000e5000 08:01 41950552                   /usr/lib/x86_64-linux-gnu/libstdc++.so.6.0.17
7f8f786a0000-7f8f786a8000 r--p 000e4000 08:01 41950552                   /usr/lib/x86_64-linux-gnu/libstdc++.so.6.0.17
7f8f786a8000-7f8f786aa000 rw-p 000ec000 08:01 41950552                   /usr/lib/x86_64-linux-gnu/libstdc++.so.6.0.17
7f8f786aa000-7f8f786bf000 rw-p 00000000 00:00 0 
7f8f786d5000-7f8f78720000 r-xp 00000000 08:01 45223304                   /usr/local/cuda-5.5/targets/x86_64-linux/lib/libcudart.so.5.5.22
7f8f78720000-7f8f7891f000 ---p 0004b000 08:01 45223304                   /usr/local/cuda-5.5/targets/x86_64-linux/lib/libcudart.so.5.5.22
7f8f7891f000-7f8f78922000 rw-p 0004a000 08:01 45223304                   /usr/local/cuda-5.5/targets/x86_64-linux/lib/libcudart.so.5.5.22
7f8f78922000-7f8f78c14000 r-xp 00000000 08:01 22939219                   /home/shuo/Desktop/BIDMat/lib/libjhdf5-linux-x86_64.so
7f8f78c14000-7f8f78e13000 ---p 002f2000 08:01 22939219                   /home/shuo/Desktop/BIDMat/lib/libjhdf5-linux-x86_64.so
7f8f78e13000-7f8f78e1f000 rw-p 002f1000 08:01 22939219                   /home/shuo/Desktop/BIDMat/lib/libjhdf5-linux-x86_64.so
7f8f78e1f000-7f8f78e29000 rw-p 00000000 00:00 0 
7f8f78e29000-7f8f78e3e000 r-xp 00000000 08:01 47713739                   /lib/x86_64-linux-gnu/libgcc_s.so.1
7f8f78e3e000-7f8f7903d000 ---p 00015000 08:01 47713739                   /lib/x86_64-linux-gnu/libgcc_s.so.1
7f8f7903d000-7f8f7903e000 r--p 00014000 08:01 47713739                   /lib/x86_64-linux-gnu/libgcc_s.so.1
7f8f7903e000-7f8f7903f000 rw-p 00015000 08:01 47713739                   /lib/x86_64-linux-gnu/libgcc_s.so.1
7f8f7903f000-7f8f79110000 r-xp 00000000 08:01 22939167                   /home/shuo/Desktop/BIDMat/lib/libiomp5.so
7f8f79110000-7f8f79310000 ---p 000d1000 08:01 22939167                   /home/shuo/Desktop/BIDMat/lib/libiomp5.so
7f8f79310000-7f8f79319000 rw-p 000d1000 08:01 22939167                   /home/shuo/Desktop/BIDMat/lib/libiomp5.so
7f8f79319000-7f8f79331000 rw-p 00000000 00:00 0 
7f8f79331000-7f8f79334000 ---p 00000000 00:00 0 
7f8f79334000-7f8f79432000 rwxp 00000000 00:00 0                          [stack:4850]
7f8f79432000-7f8f79435000 ---p 00000000 00:00 0 
7f8f79435000-7f8f7946b000 rwxp 00000000 00:00 0                          [stack:4827]
7f8f7946b000-7f8f79479000 r--s 000cf000 08:01 42341885                   /usr/local/scala-2.9.2/lib/scala-swing.jar
7f8f79479000-7f8f7948c000 r--s 000bb000 08:01 42341884                   /usr/local/scala-2.9.2/lib/scalap.jar
7f8f7948c000-7f8f79494000 r--s 0005c000 08:01 42341887                   /usr/local/scala-2.9.2/lib/scala-partest.jar
7f8f79494000-7f8f79512000 r--s 007f5000 08:01 42341888                   /usr/local/scala-2.9.2/lib/scala-library.jar
7f8f79512000-7f8f7951a000 r--s 00046000 08:01 42341886                   /usr/local/scala-2.9.2/lib/scala-dbc.jar
7f8f7951a000-7f8f795e1000 r--s 00a25000 08:01 42341883                   /usr/local/scala-2.9.2/lib/scala-compiler.jar
7f8f795e1000-7f8f795f2000 r--s 000a4000 08:01 42341890                   /usr/local/scala-2.9.2/lib/scalacheck.jar
7f8f795f2000-7f8f795f5000 r--s 00024000 08:01 42341889                   /usr/local/scala-2.9.2/lib/jline.jar
7f8f795f5000-7f8f795f6000 ---p 00000000 00:00 0 
7f8f795f6000-7f8f796f6000 rwxp 00000000 00:00 0                          [stack:4824]
7f8f796f6000-7f8f796f9000 ---p 00000000 00:00 0 
7f8f796f9000-7f8f797f7000 rwxp 00000000 00:00 0                          [stack:4823]
7f8f797f7000-7f8f797fa000 ---p 00000000 00:00 0 
7f8f797fa000-7f8f798f8000 rwxp 00000000 00:00 0                          [stack:4822]
7f8f798f8000-7f8f798fb000 ---p 00000000 00:00 0 
7f8f798fb000-7f8f799f9000 rwxp 00000000 00:00 0                          [stack:4821]
7f8f799f9000-7f8f799fc000 ---p 00000000 00:00 0 
7f8f799fc000-7f8f79afa000 rwxp 00000000 00:00 0                          [stack:4820]
7f8f79afa000-7f8f7a1db000 r--p 00000000 08:01 41949120                   /usr/lib/locale/locale-archive
7f8f7a1db000-7f8f7a1de000 ---p 00000000 00:00 0 
7f8f7a1de000-7f8f7a2dc000 rwxp 00000000 00:00 0                          [stack:4819]
7f8f7a2dc000-7f8f7a2df000 ---p 00000000 00:00 0 
7f8f7a2df000-7f8f7a3dd000 rwxp 00000000 00:00 0                          [stack:4818]
7f8f7a3dd000-7f8f7a3de000 ---p 00000000 00:00 0 
7f8f7a3de000-7f8f7a4de000 rwxp 00000000 00:00 0                          [stack:4817]
7f8f7a4de000-7f8f7c000000 rw-p 00000000 00:00 0 
7f8f7c000000-7f8f7c021000 rw-p 00000000 00:00 0 
7f8f7c021000-7f8f80000000 ---p 00000000 00:00 0 
7f8f80000000-7f8f80021000 rw-p 00000000 00:00 0 
7f8f80021000-7f8f84000000 ---p 00000000 00:00 0 
7f8f84000000-7f8f84021000 rw-p 00000000 00:00 0 
7f8f84021000-7f8f88000000 ---p 00000000 00:00 0 
7f8f88000000-7f8f88075000 rw-p 00000000 00:00 0 
7f8f88075000-7f8f8c000000 ---p 00000000 00:00 0 
7f8f8c000000-7f8f8c021000 rw-p 00000000 00:00 0 
7f8f8c021000-7f8f90000000 ---p 00000000 00:00 0 
7f8f9001d000-7f8f90087000 r--s 00e19000 08:01 19399113                   /usr/lib/jvm/jdk1.7.0_40/lib/tools.jar
7f8f90087000-7f8f9008a000 r--s 00025000 08:01 22939613                   /home/shuo/Desktop/BIDMat/lib/jcusparse-0.5.5.jar
7f8f9008a000-7f8f9008c000 r--s 0000f000 08:01 22939612                   /home/shuo/Desktop/BIDMat/lib/jcurand-0.5.5.jar
7f8f9008c000-7f8f9008e000 r--s 0000e000 08:01 22939611                   /home/shuo/Desktop/BIDMat/lib/jcufft-0.5.5.jar
7f8f9008e000-7f8f90090000 r--s 00029000 08:01 22939609                   /home/shuo/Desktop/BIDMat/lib/jcublas-0.5.5.jar
7f8f90090000-7f8f90099000 r--s 000e3000 08:01 22939610                   /home/shuo/Desktop/BIDMat/lib/jcuda-0.5.5.jar
7f8f90099000-7f8f9009b000 r--s 0001f000 08:01 22939226                   /home/shuo/Desktop/BIDMat/lib/lz4-1.1.2.jar
7f8f9009b000-7f8f900b8000 r--s 0016a000 08:01 22937957                   /home/shuo/Desktop/BIDMat/lib/commons-math3-3.1.1.jar
7f8f900b8000-7f8f900ba000 r--s 00010000 08:01 22937972                   /home/shuo/Desktop/BIDMat/lib/jhdf5.jar
7f8f900ba000-7f8f900bd000 r--s 00031000 08:01 22939238                   /home/shuo/Desktop/BIDMat/lib/ptplotapplication.jar
7f8f900bd000-7f8f900c0000 r--s 00020000 08:01 22939237                   /home/shuo/Desktop/BIDMat/lib/ptplot.jar
7f8f900c0000-7f8f900d4000 r--s 0015f000 08:01 22937915                   /home/shuo/Desktop/BIDMat/BIDMat.jar
7f8f900d4000-7f8f900da000 r--s 00050000 08:01 21236189                   /home/shuo/Desktop/BIDMach/BIDMach.jar
7f8f900da000-7f8f900dc000 r--s 00001000 08:01 19400219                   /usr/lib/jvm/jdk1.7.0_40/jre/lib/ext/dnsns.jar
7f8f900dc000-7f8f900e0000 r--s 0002d000 08:01 19400222                   /usr/lib/jvm/jdk1.7.0_40/jre/lib/ext/sunjce_provider.jar
7f8f900e0000-7f8f900e4000 r--s 00037000 08:01 19400218                   /usr/lib/jvm/jdk1.7.0_40/jre/lib/ext/sunpkcs11.jar
7f8f900e4000-7f8f900e5000 r--s 00010000 08:01 19400216                   /usr/lib/jvm/jdk1.7.0_40/jre/lib/ext/zipfs.jar
7f8f900e5000-7f8f900e9000 r--s 000f7000 08:01 19400217                   /usr/lib/jvm/jdk1.7.0_40/jre/lib/ext/localedata.jar
7f8f900e9000-7f8f900ea000 r--s 00003000 08:01 19400221                   /usr/lib/jvm/jdk1.7.0_40/jre/lib/ext/sunec.jar
7f8f900ea000-7f8f900f0000 r--s 0007d000 08:01 19400586                   /usr/lib/jvm/jdk1.7.0_40/jre/lib/jfr.jar
7f8f900f0000-7f8f9023c000 rw-p 00000000 00:00 0 
7f8f9023c000-7f8f903f9000 r--s 039d3000 08:01 19400584                   /usr/lib/jvm/jdk1.7.0_40/jre/lib/rt.jar
7f8f903f9000-7f8f91d8a000 rw-p 00000000 00:00 0 
7f8f91d8a000-7f8f91d8b000 ---p 00000000 00:00 0 
7f8f91d8b000-7f8f91e8b000 rwxp 00000000 00:00 0                          [stack:4816]
7f8f91e8b000-7f8f91e8c000 ---p 00000000 00:00 0 
7f8f91e8c000-7f8f91f8c000 rwxp 00000000 00:00 0                          [stack:4815]
7f8f91f8c000-7f8f91f8d000 ---p 00000000 00:00 0 
7f8f91f8d000-7f8f9208d000 rwxp 00000000 00:00 0                          [stack:4814]
7f8f9208d000-7f8f9208e000 ---p 00000000 00:00 0 
7f8f9208e000-7f8f9218e000 rwxp 00000000 00:00 0                          [stack:4813]
7f8f9218e000-7f8f9218f000 ---p 00000000 00:00 0 
7f8f9218f000-7f8f9228f000 rwxp 00000000 00:00 0                          [stack:4812]
7f8f9228f000-7f8f92290000 ---p 00000000 00:00 0 
7f8f92290000-7f8f92390000 rwxp 00000000 00:00 0                          [stack:4811]
7f8f92390000-7f8f92391000 ---p 00000000 00:00 0 
7f8f92391000-7f8f92491000 rwxp 00000000 00:00 0                          [stack:4810]
7f8f92491000-7f8f92492000 ---p 00000000 00:00 0 
7f8f92492000-7f8f92592000 rwxp 00000000 00:00 0                          [stack:4809]
7f8f92592000-7f8f925a4000 rw-p 00000000 00:00 0 
7f8f925a4000-7f8f925bb000 rw-p 00000000 00:00 0 
7f8f925bb000-7f8f925e6000 rw-p 00000000 00:00 0 
7f8f925e6000-7f8f935bb000 rw-p 00000000 00:00 0 
7f8f935bb000-7f8f935cd000 rw-p 00000000 00:00 0 
7f8f935cd000-7f8f935e4000 rw-p 00000000 00:00 0 
7f8f935e4000-7f8f9360f000 rw-p 00000000 00:00 0 
7f8f9360f000-7f8f945e4000 rw-p 00000000 00:00 0 
7f8f945e4000-7f8f9462b000 rw-p 00000000 00:00 0 
7f8f9462b000-7f8f94de4000 rw-p 00000000 00:00 0 
7f8f94de4000-7f8f94de5000 rw-p 00000000 00:00 0 
7f8f94de5000-7f8f95165000 rwxp 00000000 00:00 0 
7f8f95165000-7f8f97de5000 rw-p 00000000 00:00 0 
7f8f97de5000-7f8f97dff000 r-xp 00000000 08:01 19529936                   /usr/lib/jvm/jdk1.7.0_40/jre/lib/amd64/libzip.so
7f8f97dff000-7f8f97fff000 ---p 0001a000 08:01 19529936                   /usr/lib/jvm/jdk1.7.0_40/jre/lib/amd64/libzip.so
7f8f97fff000-7f8f98000000 rw-p 0001a000 08:01 19529936                   /usr/lib/jvm/jdk1.7.0_40/jre/lib/amd64/libzip.so
7f8f98000000-7f8f9bffe000 rw-p 00000000 00:00 0 
7f8f9bffe000-7f8f9c000000 ---p 00000000 00:00 0 
7f8f9c001000-7f8f9c005000 r--s 00021000 08:01 52692170                   /usr/local/scala-2.9.2/misc/scala-devel/plugins/continuations.jar
7f8f9c005000-7f8f9c00f000 r--s 00371000 08:01 19400227                   /usr/lib/jvm/jdk1.7.0_40/jre/lib/charsets.jar
7f8f9c00f000-7f8f9c011000 r--s 00019000 08:01 19400229                   /usr/lib/jvm/jdk1.7.0_40/jre/lib/jce.jar
7f8f9c011000-7f8f9c015000 r--s 0008a000 08:01 19400591                   /usr/lib/jvm/jdk1.7.0_40/jre/lib/jsse.jar
7f8f9c015000-7f8f9c098000 rw-p 00000000 00:00 0 
7f8f9c098000-7f8f9c0a4000 r-xp 00000000 08:01 47719632                   /lib/x86_64-linux-gnu/libnss_files-2.15.so
7f8f9c0a4000-7f8f9c2a3000 ---p 0000c000 08:01 47719632                   /lib/x86_64-linux-gnu/libnss_files-2.15.so
7f8f9c2a3000-7f8f9c2a4000 r--p 0000b000 08:01 47719632                   /lib/x86_64-linux-gnu/libnss_files-2.15.so
7f8f9c2a4000-7f8f9c2a5000 rw-p 0000c000 08:01 47719632                   /lib/x86_64-linux-gnu/libnss_files-2.15.so
7f8f9c2a5000-7f8f9c2af000 r-xp 00000000 08:01 47719628                   /lib/x86_64-linux-gnu/libnss_nis-2.15.so
7f8f9c2af000-7f8f9c4af000 ---p 0000a000 08:01 47719628                   /lib/x86_64-linux-gnu/libnss_nis-2.15.so
7f8f9c4af000-7f8f9c4b0000 r--p 0000a000 08:01 47719628                   /lib/x86_64-linux-gnu/libnss_nis-2.15.so
7f8f9c4b0000-7f8f9c4b1000 rw-p 0000b000 08:01 47719628                   /lib/x86_64-linux-gnu/libnss_nis-2.15.so
7f8f9c4b1000-7f8f9c4c8000 r-xp 00000000 08:01 47719642                   /lib/x86_64-linux-gnu/libnsl-2.15.so
7f8f9c4c8000-7f8f9c6c7000 ---p 00017000 08:01 47719642                   /lib/x86_64-linux-gnu/libnsl-2.15.so
7f8f9c6c7000-7f8f9c6c8000 r--p 00016000 08:01 47719642                   /lib/x86_64-linux-gnu/libnsl-2.15.so
7f8f9c6c8000-7f8f9c6c9000 rw-p 00017000 08:01 47719642                   /lib/x86_64-linux-gnu/libnsl-2.15.so
7f8f9c6c9000-7f8f9c6cb000 rw-p 00000000 00:00 0 
7f8f9c6cb000-7f8f9c6d3000 r-xp 00000000 08:01 47719646                   /lib/x86_64-linux-gnu/libnss_compat-2.15.so
7f8f9c6d3000-7f8f9c8d2000 ---p 00008000 08:01 47719646                   /lib/x86_64-linux-gnu/libnss_compat-2.15.so
7f8f9c8d2000-7f8f9c8d3000 r--p 00007000 08:01 47719646                   /lib/x86_64-linux-gnu/libnss_compat-2.15.so
7f8f9c8d3000-7f8f9c8d4000 rw-p 00008000 08:01 47719646                   /lib/x86_64-linux-gnu/libnss_compat-2.15.so
7f8f9c8d4000-7f8f9c8fd000 r-xp 00000000 08:01 19529919                   /usr/lib/jvm/jdk1.7.0_40/jre/lib/amd64/libjava.so
7f8f9c8fd000-7f8f9cafd000 ---p 00029000 08:01 19529919                   /usr/lib/jvm/jdk1.7.0_40/jre/lib/amd64/libjava.so
7f8f9cafd000-7f8f9caff000 rw-p 00029000 08:01 19529919                   /usr/lib/jvm/jdk1.7.0_40/jre/lib/amd64/libjava.so
7f8f9caff000-7f8f9cb0c000 r-xp 00000000 08:01 19529881                   /usr/lib/jvm/jdk1.7.0_40/jre/lib/amd64/libverify.so
7f8f9cb0c000-7f8f9cd0b000 ---p 0000d000 08:01 19529881                   /usr/lib/jvm/jdk1.7.0_40/jre/lib/amd64/libverify.so
7f8f9cd0b000-7f8f9cd0d000 rw-p 0000c000 08:01 19529881                   /usr/lib/jvm/jdk1.7.0_40/jre/lib/amd64/libverify.so
7f8f9cd0d000-7f8f9cd14000 r-xp 00000000 08:01 47719634                   /lib/x86_64-linux-gnu/librt-2.15.so
7f8f9cd14000-7f8f9cf13000 ---p 00007000 08:01 47719634                   /lib/x86_64-linux-gnu/librt-2.15.so
7f8f9cf13000-7f8f9cf14000 r--p 00006000 08:01 47719634                   /lib/x86_64-linux-gnu/librt-2.15.so
7f8f9cf14000-7f8f9cf15000 rw-p 00007000 08:01 47719634                   /lib/x86_64-linux-gnu/librt-2.15.so
7f8f9cf15000-7f8f9d010000 r-xp 00000000 08:01 47719643                   /lib/x86_64-linux-gnu/libm-2.15.so
7f8f9d010000-7f8f9d20f000 ---p 000fb000 08:01 47719643                   /lib/x86_64-linux-gnu/libm-2.15.so
7f8f9d20f000-7f8f9d210000 r--p 000fa000 08:01 47719643                   /lib/x86_64-linux-gnu/libm-2.15.so
7f8f9d210000-7f8f9d211000 rw-p 000fb000 08:01 47719643                   /lib/x86_64-linux-gnu/libm-2.15.so
7f8f9d211000-7f8f9dd73000 r-xp 00000000 08:01 19529895                   /usr/lib/jvm/jdk1.7.0_40/jre/lib/amd64/server/libjvm.so
7f8f9dd73000-7f8f9df73000 ---p 00b62000 08:01 19529895                   /usr/lib/jvm/jdk1.7.0_40/jre/lib/amd64/server/libjvm.so
7f8f9df73000-7f8f9e036000 rw-p 00b62000 08:01 19529895                   /usr/lib/jvm/jdk1.7.0_40/jre/lib/amd64/server/libjvm.so
7f8f9e036000-7f8f9e077000 rw-p 00000000 00:00 0 
7f8f9e077000-7f8f9e22c000 r-xp 00000000 08:01 47719647                   /lib/x86_64-linux-gnu/libc-2.15.so
7f8f9e22c000-7f8f9e42c000 ---p 001b5000 08:01 47719647                   /lib/x86_64-linux-gnu/libc-2.15.so
7f8f9e42c000-7f8f9e430000 r--p 001b5000 08:01 47719647                   /lib/x86_64-linux-gnu/libc-2.15.so
7f8f9e430000-7f8f9e432000 rw-p 001b9000 08:01 47719647                   /lib/x86_64-linux-gnu/libc-2.15.so
7f8f9e432000-7f8f9e437000 rw-p 00000000 00:00 0 
7f8f9e437000-7f8f9e439000 r-xp 00000000 08:01 47719645                   /lib/x86_64-linux-gnu/libdl-2.15.so
7f8f9e439000-7f8f9e639000 ---p 00002000 08:01 47719645                   /lib/x86_64-linux-gnu/libdl-2.15.so
7f8f9e639000-7f8f9e63a000 r--p 00002000 08:01 47719645                   /lib/x86_64-linux-gnu/libdl-2.15.so
7f8f9e63a000-7f8f9e63b000 rw-p 00003000 08:01 47719645                   /lib/x86_64-linux-gnu/libdl-2.15.so
7f8f9e63b000-7f8f9e651000 r-xp 00000000 08:01 19529910                   /usr/lib/jvm/jdk1.7.0_40/jre/lib/amd64/jli/libjli.so
7f8f9e651000-7f8f9e851000 ---p 00016000 08:01 19529910                   /usr/lib/jvm/jdk1.7.0_40/jre/lib/amd64/jli/libjli.so
7f8f9e851000-7f8f9e852000 rw-p 00016000 08:01 19529910                   /usr/lib/jvm/jdk1.7.0_40/jre/lib/amd64/jli/libjli.so
7f8f9e852000-7f8f9e86a000 r-xp 00000000 08:01 47719630                   /lib/x86_64-linux-gnu/libpthread-2.15.so
7f8f9e86a000-7f8f9ea69000 ---p 00018000 08:01 47719630                   /lib/x86_64-linux-gnu/libpthread-2.15.so
7f8f9ea69000-7f8f9ea6a000 r--p 00017000 08:01 47719630                   /lib/x86_64-linux-gnu/libpthread-2.15.so
7f8f9ea6a000-7f8f9ea6b000 rw-p 00018000 08:01 47719630                   /lib/x86_64-linux-gnu/libpthread-2.15.so
7f8f9ea6b000-7f8f9ea6f000 rw-p 00000000 00:00 0 
7f8f9ea6f000-7f8f9ea91000 r-xp 00000000 08:01 47719635                   /lib/x86_64-linux-gnu/ld-2.15.so
7f8f9ea93000-7f8f9eac2000 rw-p 00000000 00:00 0 
7f8f9eac2000-7f8f9eb74000 rw-p 00000000 00:00 0 
7f8f9eb74000-7f8f9eb77000 ---p 00000000 00:00 0 
7f8f9eb77000-7f8f9ec75000 rwxp 00000000 00:00 0                          [stack:4808]
7f8f9ec75000-7f8f9ec79000 rw-p 00000000 00:00 0 
7f8f9ec7a000-7f8f9ec7b000 rw-s dfd61000 00:05 12551                      /dev/nvidia0
7f8f9ec7b000-7f8f9ec7c000 rw-s 17740b000 00:05 12551                     /dev/nvidia0
7f8f9ec7c000-7f8f9ec85000 r--s 00250000 08:01 19400577                   /usr/lib/jvm/jdk1.7.0_40/jre/lib/resources.jar
7f8f9ec85000-7f8f9ec8d000 rw-s 00000000 08:01 55705655                   /tmp/hsperfdata_shuo/4807
7f8f9ec8d000-7f8f9ec8e000 rw-p 00000000 00:00 0 
7f8f9ec8e000-7f8f9ec8f000 r--p 00000000 00:00 0 
7f8f9ec8f000-7f8f9ec91000 rw-p 00000000 00:00 0 
7f8f9ec91000-7f8f9ec92000 r--p 00022000 08:01 47719635                   /lib/x86_64-linux-gnu/ld-2.15.so
7f8f9ec92000-7f8f9ec94000 rw-p 00023000 08:01 47719635                   /lib/x86_64-linux-gnu/ld-2.15.so
7fff83b6d000-7fff83b8d000 rwxp 00000000 00:00 0                          [stack]
7fff83b8d000-7fff83b8f000 rw-p 00000000 00:00 0 
7fff83bff000-7fff83c00000 r-xp 00000000 00:00 0                          [vdso]
ffffffffff600000-ffffffffff601000 r-xp 00000000 00:00 0                  [vsyscall]

VM Arguments:
jvm_args: -Xmx12G -Xms128M -Dscala.usejavacp=true -Dscala.home=/usr/local/scala-2.9.2 -Denv.emacs= 
java_command: scala.tools.nsc.MainGenericRunner -cp /home/shuo/Desktop/BIDMach/BIDMach.jar:/home/shuo/Desktop/BIDMach/../BIDMat/BIDMat.jar:/home/shuo/Desktop/BIDMach/../BIDMat/lib/ptplot.jar:/home/shuo/Desktop/BIDMach/../BIDMat/lib/ptplotapplication.jar:/home/shuo/Desktop/BIDMach/../BIDMat/lib/jhdf5.jar:/home/shuo/Desktop/BIDMach/../BIDMat/lib/commons-math3-3.1.1.jar:/home/shuo/Desktop/BIDMach/../BIDMat/lib/lz4-1.1.2.jar:/home/shuo/Desktop/BIDMach/../BIDMat/lib/jcuda-0.5.5.jar:/home/shuo/Desktop/BIDMach/../BIDMat/lib/jcublas-0.5.5.jar:/home/shuo/Desktop/BIDMach/../BIDMat/lib/jcufft-0.5.5.jar:/home/shuo/Desktop/BIDMach/../BIDMat/lib/jcurand-0.5.5.jar:/home/shuo/Desktop/BIDMach/../BIDMat/lib/jcusparse-0.5.5.jar:/usr/lib/jvm/jdk1.7.0_40/lib/tools.jar -Yrepl-sync -i /home/shuo/Desktop/BIDMach/lib/bidmach_init.scala
Launcher Type: SUN_STANDARD

Environment Variables:
JAVA_HOME=/usr/lib/jvm/jdk1.7.0_40
PATH=/usr/local/cuda-5.5/bin:/usr/local/sbt/bin:/usr/local/scala-2.9.2/bin:/usr/lib/jvm/jdk1.7.0_40/bin:/home/shuo/.opam/system/bin:/usr/lib/lightdm/lightdm:/usr/local/sbin:/usr/local/bin:/usr/sbin:/usr/bin:/sbin:/bin:/usr/games:/usr/local/games:/home/shuo/.rvm/bin
LD_LIBRARY_PATH=/home/shuo/Desktop/BIDMach/../BIDMat/lib:/usr/local/cuda-5.5/lib64:/usr/local/cuda-5.5/lib64:/usr/lib/nvidia-current
SHELL=/bin/bash
DISPLAY=:0.0

Signal Handlers:
SIGSEGV: [libjvm.so+0x992d50], sa_mask[0]=0x7ffbfeff, sa_flags=0x10000004
SIGBUS: [libjvm.so+0x992d50], sa_mask[0]=0x7ffbfeff, sa_flags=0x10000004
SIGFPE: [libjvm.so+0x80fb00], sa_mask[0]=0x7ffbfeff, sa_flags=0x10000004
SIGPIPE: [libjvm.so+0x80fb00], sa_mask[0]=0x7ffbfeff, sa_flags=0x10000004
SIGXFSZ: [libjvm.so+0x80fb00], sa_mask[0]=0x7ffbfeff, sa_flags=0x10000004
SIGILL: [libjvm.so+0x80fb00], sa_mask[0]=0x7ffbfeff, sa_flags=0x10000004
SIGUSR1: SIG_DFL, sa_mask[0]=0x00000000, sa_flags=0x00000000
SIGUSR2: [libjvm.so+0x810ff0], sa_mask[0]=0x00000000, sa_flags=0x10000004
SIGHUP: [libjvm.so+0x811f60], sa_mask[0]=0x7ffbfeff, sa_flags=0x10000004
SIGINT: [libjvm.so+0x811f60], sa_mask[0]=0x7ffbfeff, sa_flags=0x10000004
SIGTERM: [libjvm.so+0x811f60], sa_mask[0]=0x7ffbfeff, sa_flags=0x10000004
SIGQUIT: [libjvm.so+0x811f60], sa_mask[0]=0x7ffbfeff, sa_flags=0x10000004


---------------  S Y S T E M  ---------------

OS:wheezy/sid

uname:Linux 3.5.0-42-generic #65-Ubuntu SMP Tue Oct 1 23:38:22 UTC 2013 x86_64
libc:glibc 2.15 NPTL 2.15 
rlimit: STACK 8192k, CORE 0k, NPROC 63396, NOFILE 4096, AS infinity
load average:0.22 0.16 0.27

/proc/meminfo:
MemTotal:        8133264 kB
MemFree:         4909084 kB
Buffers:          134156 kB
Cached:          1181468 kB
SwapCached:            0 kB
Active:          1854316 kB
Inactive:         966532 kB
Active(anon):    1513068 kB
Inactive(anon):    15756 kB
Active(file):     341248 kB
Inactive(file):   950776 kB
Unevictable:       31428 kB
Mlocked:           31428 kB
SwapTotal:       8265724 kB
SwapFree:        8265724 kB
Dirty:               100 kB
Writeback:             0 kB
AnonPages:       1537028 kB
Mapped:           292976 kB
Shmem:             17764 kB
Slab:             181196 kB
SReclaimable:     145276 kB
SUnreclaim:        35920 kB
KernelStack:        4264 kB
PageTables:        33072 kB
NFS_Unstable:          0 kB
Bounce:                0 kB
WritebackTmp:          0 kB
CommitLimit:    12332356 kB
Committed_AS:    5404984 kB
VmallocTotal:   34359738367 kB
VmallocUsed:      135180 kB
VmallocChunk:   34359596028 kB
HardwareCorrupted:     0 kB
AnonHugePages:         0 kB
HugePages_Total:       0
HugePages_Free:        0
HugePages_Rsvd:        0
HugePages_Surp:        0
Hugepagesize:       2048 kB
DirectMap4k:      180224 kB
DirectMap2M:     8167424 kB


CPU:total 8 (4 cores per cpu, 2 threads per core) family 6 model 42 stepping 7, cmov, cx8, fxsr, mmx, sse, sse2, sse3, ssse3, sse4.1, sse4.2, popcnt, avx, aes, ht, tsc, tscinvbit

/proc/cpuinfo:
processor	: 0
vendor_id	: GenuineIntel
cpu family	: 6
model		: 42
model name	: Intel(R) Core(TM) i7-2600 CPU @ 3.40GHz
stepping	: 7
microcode	: 0x14
cpu MHz		: 3401.000
cache size	: 8192 KB
physical id	: 0
siblings	: 8
core id		: 0
cpu cores	: 4
apicid		: 0
initial apicid	: 0
fpu		: yes
fpu_exception	: yes
cpuid level	: 13
wp		: yes
flags		: fpu vme de pse tsc msr pae mce cx8 apic sep mtrr pge mca cmov pat pse36 clflush dts acpi mmx fxsr sse sse2 ss ht tm pbe syscall nx rdtscp lm constant_tsc arch_perfmon pebs bts rep_good nopl xtopology nonstop_tsc aperfmperf pni pclmulqdq dtes64 monitor ds_cpl vmx smx est tm2 ssse3 cx16 xtpr pdcm pcid sse4_1 sse4_2 x2apic popcnt tsc_deadline_timer aes xsave avx lahf_lm ida arat epb xsaveopt pln pts dtherm tpr_shadow vnmi flexpriority ept vpid
bogomips	: 6784.38
clflush size	: 64
cache_alignment	: 64
address sizes	: 36 bits physical, 48 bits virtual
power management:

processor	: 1
vendor_id	: GenuineIntel
cpu family	: 6
model		: 42
model name	: Intel(R) Core(TM) i7-2600 CPU @ 3.40GHz
stepping	: 7
microcode	: 0x14
cpu MHz		: 1600.000
cache size	: 8192 KB
physical id	: 0
siblings	: 8
core id		: 1
cpu cores	: 4
apicid		: 2
initial apicid	: 2
fpu		: yes
fpu_exception	: yes
cpuid level	: 13
wp		: yes
flags		: fpu vme de pse tsc msr pae mce cx8 apic sep mtrr pge mca cmov pat pse36 clflush dts acpi mmx fxsr sse sse2 ss ht tm pbe syscall nx rdtscp lm constant_tsc arch_perfmon pebs bts rep_good nopl xtopology nonstop_tsc aperfmperf pni pclmulqdq dtes64 monitor ds_cpl vmx smx est tm2 ssse3 cx16 xtpr pdcm pcid sse4_1 sse4_2 x2apic popcnt tsc_deadline_timer aes xsave avx lahf_lm ida arat epb xsaveopt pln pts dtherm tpr_shadow vnmi flexpriority ept vpid
bogomips	: 6784.38
clflush size	: 64
cache_alignment	: 64
address sizes	: 36 bits physical, 48 bits virtual
power management:

processor	: 2
vendor_id	: GenuineIntel
cpu family	: 6
model		: 42
model name	: Intel(R) Core(TM) i7-2600 CPU @ 3.40GHz
stepping	: 7
microcode	: 0x14
cpu MHz		: 1600.000
cache size	: 8192 KB
physical id	: 0
siblings	: 8
core id		: 2
cpu cores	: 4
apicid		: 4
initial apicid	: 4
fpu		: yes
fpu_exception	: yes
cpuid level	: 13
wp		: yes
flags		: fpu vme de pse tsc msr pae mce cx8 apic sep mtrr pge mca cmov pat pse36 clflush dts acpi mmx fxsr sse sse2 ss ht tm pbe syscall nx rdtscp lm constant_tsc arch_perfmon pebs bts rep_good nopl xtopology nonstop_tsc aperfmperf pni pclmulqdq dtes64 monitor ds_cpl vmx smx est tm2 ssse3 cx16 xtpr pdcm pcid sse4_1 sse4_2 x2apic popcnt tsc_deadline_timer aes xsave avx lahf_lm ida arat epb xsaveopt pln pts dtherm tpr_shadow vnmi flexpriority ept vpid
bogomips	: 6784.38
clflush size	: 64
cache_alignment	: 64
address sizes	: 36 bits physical, 48 bits virtual
power management:

processor	: 3
vendor_id	: GenuineIntel
cpu family	: 6
model		: 42
model name	: Intel(R) Core(TM) i7-2600 CPU @ 3.40GHz
stepping	: 7
microcode	: 0x14
cpu MHz		: 1600.000
cache size	: 8192 KB
physical id	: 0
siblings	: 8
core id		: 3
cpu cores	: 4
apicid		: 6
initial apicid	: 6
fpu		: yes
fpu_exception	: yes
cpuid level	: 13
wp		: yes
flags		: fpu vme de pse tsc msr pae mce cx8 apic sep mtrr pge mca cmov pat pse36 clflush dts acpi mmx fxsr sse sse2 ss ht tm pbe syscall nx rdtscp lm constant_tsc arch_perfmon pebs bts rep_good nopl xtopology nonstop_tsc aperfmperf pni pclmulqdq dtes64 monitor ds_cpl vmx smx est tm2 ssse3 cx16 xtpr pdcm pcid sse4_1 sse4_2 x2apic popcnt tsc_deadline_timer aes xsave avx lahf_lm ida arat epb xsaveopt pln pts dtherm tpr_shadow vnmi flexpriority ept vpid
bogomips	: 6784.38
clflush size	: 64
cache_alignment	: 64
address sizes	: 36 bits physical, 48 bits virtual
power management:

processor	: 4
vendor_id	: GenuineIntel
cpu family	: 6
model		: 42
model name	: Intel(R) Core(TM) i7-2600 CPU @ 3.40GHz
stepping	: 7
microcode	: 0x14
cpu MHz		: 1600.000
cache size	: 8192 KB
physical id	: 0
siblings	: 8
core id		: 0
cpu cores	: 4
apicid		: 1
initial apicid	: 1
fpu		: yes
fpu_exception	: yes
cpuid level	: 13
wp		: yes
flags		: fpu vme de pse tsc msr pae mce cx8 apic sep mtrr pge mca cmov pat pse36 clflush dts acpi mmx fxsr sse sse2 ss ht tm pbe syscall nx rdtscp lm constant_tsc arch_perfmon pebs bts rep_good nopl xtopology nonstop_tsc aperfmperf pni pclmulqdq dtes64 monitor ds_cpl vmx smx est tm2 ssse3 cx16 xtpr pdcm pcid sse4_1 sse4_2 x2apic popcnt tsc_deadline_timer aes xsave avx lahf_lm ida arat epb xsaveopt pln pts dtherm tpr_shadow vnmi flexpriority ept vpid
bogomips	: 6784.38
clflush size	: 64
cache_alignment	: 64
address sizes	: 36 bits physical, 48 bits virtual
power management:

processor	: 5
vendor_id	: GenuineIntel
cpu family	: 6
model		: 42
model name	: Intel(R) Core(TM) i7-2600 CPU @ 3.40GHz
stepping	: 7
microcode	: 0x14
cpu MHz		: 3401.000
cache size	: 8192 KB
physical id	: 0
siblings	: 8
core id		: 1
cpu cores	: 4
apicid		: 3
initial apicid	: 3
fpu		: yes
fpu_exception	: yes
cpuid level	: 13
wp		: yes
flags		: fpu vme de pse tsc msr pae mce cx8 apic sep mtrr pge mca cmov pat pse36 clflush dts acpi mmx fxsr sse sse2 ss ht tm pbe syscall nx rdtscp lm constant_tsc arch_perfmon pebs bts rep_good nopl xtopology nonstop_tsc aperfmperf pni pclmulqdq dtes64 monitor ds_cpl vmx smx est tm2 ssse3 cx16 xtpr pdcm pcid sse4_1 sse4_2 x2apic popcnt tsc_deadline_timer aes xsave avx lahf_lm ida arat epb xsaveopt pln pts dtherm tpr_shadow vnmi flexpriority ept vpid
bogomips	: 6784.38
clflush size	: 64
cache_alignment	: 64
address sizes	: 36 bits physical, 48 bits virtual
power management:

processor	: 6
vendor_id	: GenuineIntel
cpu family	: 6
model		: 42
model name	: Intel(R) Core(TM) i7-2600 CPU @ 3.40GHz
stepping	: 7
microcode	: 0x14
cpu MHz		: 1600.000
cache size	: 8192 KB
physical id	: 0
siblings	: 8
core id		: 2
cpu cores	: 4
apicid		: 5
initial apicid	: 5
fpu		: yes
fpu_exception	: yes
cpuid level	: 13
wp		: yes
flags		: fpu vme de pse tsc msr pae mce cx8 apic sep mtrr pge mca cmov pat pse36 clflush dts acpi mmx fxsr sse sse2 ss ht tm pbe syscall nx rdtscp lm constant_tsc arch_perfmon pebs bts rep_good nopl xtopology nonstop_tsc aperfmperf pni pclmulqdq dtes64 monitor ds_cpl vmx smx est tm2 ssse3 cx16 xtpr pdcm pcid sse4_1 sse4_2 x2apic popcnt tsc_deadline_timer aes xsave avx lahf_lm ida arat epb xsaveopt pln pts dtherm tpr_shadow vnmi flexpriority ept vpid
bogomips	: 6784.38
clflush size	: 64
cache_alignment	: 64
address sizes	: 36 bits physical, 48 bits virtual
power management:

processor	: 7
vendor_id	: GenuineIntel
cpu family	: 6
model		: 42
model name	: Intel(R) Core(TM) i7-2600 CPU @ 3.40GHz
stepping	: 7
microcode	: 0x14
cpu MHz		: 3401.000
cache size	: 8192 KB
physical id	: 0
siblings	: 8
core id		: 3
cpu cores	: 4
apicid		: 7
initial apicid	: 7
fpu		: yes
fpu_exception	: yes
cpuid level	: 13
wp		: yes
flags		: fpu vme de pse tsc msr pae mce cx8 apic sep mtrr pge mca cmov pat pse36 clflush dts acpi mmx fxsr sse sse2 ss ht tm pbe syscall nx rdtscp lm constant_tsc arch_perfmon pebs bts rep_good nopl xtopology nonstop_tsc aperfmperf pni pclmulqdq dtes64 monitor ds_cpl vmx smx est tm2 ssse3 cx16 xtpr pdcm pcid sse4_1 sse4_2 x2apic popcnt tsc_deadline_timer aes xsave avx lahf_lm ida arat epb xsaveopt pln pts dtherm tpr_shadow vnmi flexpriority ept vpid
bogomips	: 6784.38
clflush size	: 64
cache_alignment	: 64
address sizes	: 36 bits physical, 48 bits virtual
power management:



Memory: 4k page, physical 8133264k(4909084k free), swap 8265724k(8265724k free)

vm_info: Java HotSpot(TM) 64-Bit Server VM (24.0-b56) for linux-amd64 JRE (1.7.0_40-b43), built on Aug 26 2013 23:53:33 by "java_re" with gcc 4.3.0 20080428 (Red Hat 4.3.0-8)

time: Thu Nov 14 15:34:53 2013
elapsed time: 16 seconds

